TN:
SF:/home/kalu/Desktop/VS/projekat/2026_Analysis_GraphLab/GraphLab/src/Serialization/Serializable.hpp
FN:9,_ZN12SerializableD2Ev
FN:9,_ZN12SerializableD0Ev
FNDA:896,_ZN12SerializableD2Ev
FNDA:0,_ZN12SerializableD0Ev
FNF:2
FNH:1
DA:9,896
LF:1
LH:1
end_of_record
TN:
SF:/home/kalu/Desktop/VS/projekat/2026_Analysis_GraphLab/GraphLab/src/Serialization/Serializer.cpp
FN:6,_ZN10Serializer4saveERK12SerializableRK7QStringbb
FN:20,_ZN10Serializer4loadER12SerializableRK7QStringRbS5_
FNDA:2,_ZN10Serializer4saveERK12SerializableRK7QStringbb
FNDA:4,_ZN10Serializer4loadER12SerializableRK7QStringRbS5_
FNF:2
FNH:2
DA:6,2
DA:8,2
DA:9,2
DA:10,2
DA:11,2
DA:13,4
DA:14,4
DA:15,2
DA:16,2
DA:17,2
DA:18,2
DA:20,4
DA:22,4
DA:24,4
DA:25,2
DA:28,2
DA:29,4
DA:30,2
DA:32,2
DA:33,2
DA:34,2
DA:37,2
LF:22
LH:22
end_of_record
TN:
SF:/home/kalu/Desktop/VS/projekat/2026_Analysis_GraphLab/GraphLab/src/algorithm/Astar/astar.cpp
FN:9,_ZN9algorithm5AStarC2ERKN5graph5GraphE
FN:12,_ZN9algorithm5AStar5checkEv
FN:16,_ZN9algorithm5AStar3runENS_16astar_settings_tE
FN:69,_ZNK9algorithm5AStar18calculateHeuristicEjjRKNSt7__cxx1112basic_stringIcSt11char_traitsIcESaIcEEE
FN:113,_ZN9algorithm5AStar16reconstruct_pathEjjRSt13unordered_mapIjjSt4hashIjESt8equal_toIjESaISt4pairIKjjEEE
FNDA:34,_ZN9algorithm5AStar16reconstruct_pathEjjRSt13unordered_mapIjjSt4hashIjESt8equal_toIjESaISt4pairIKjjEEE
FNDA:36,_ZNK9algorithm5AStar18calculateHeuristicEjjRKNSt7__cxx1112basic_stringIcSt11char_traitsIcESaIcEEE
FNDA:10,_ZN9algorithm5AStar3runENS_16astar_settings_tE
FNDA:4,_ZN9algorithm5AStarC2ERKN5graph5GraphE
FNDA:4,_ZN9algorithm5AStar5checkEv
FNF:5
FNH:5
DA:9,4
DA:10,4
DA:12,4
DA:13,4
DA:16,10
DA:18,10
DA:19,10
DA:20,10
DA:23,10
DA:25,20
DA:26,20
DA:28,48
DA:29,38
DA:32,10
DA:36,20
DA:38,10
DA:40,34
DA:41,32
DA:42,32
DA:44,32
DA:45,8
DA:47,24
DA:49,54
DA:50,60
DA:51,30
DA:53,30
DA:54,30
DA:55,30
DA:56,30
DA:58,30
DA:59,30
DA:64,10
DA:65,10
DA:66,20
DA:69,36
DA:71,36
DA:73,18
DA:74,72
DA:75,54
DA:76,54
DA:78,18
DA:79,0
DA:81,18
DA:82,18
DA:84,18
DA:86,6
DA:87,6
DA:90,6
DA:92,6
DA:95,6
DA:96,12
DA:98,6
DA:99,6
DA:100,24
DA:101,18
DA:102,18
DA:104,6
DA:105,6
DA:106,6
DA:109,6
DA:113,34
DA:117,34
DA:118,34
DA:119,68
DA:120,36
DA:122,2
DA:123,2
DA:124,2
DA:127,34
DA:128,34
DA:130,34
DA:131,34
DA:133,34
DA:136,32
DA:137,32
LF:75
LH:74
end_of_record
TN:
SF:/home/kalu/Desktop/VS/projekat/2026_Analysis_GraphLab/GraphLab/src/algorithm/BFS/bfs.cpp
FN:9,_ZN9algorithm3BFSC2ERKN5graph5GraphE
FN:11,_ZN9algorithm3BFS5checkEv
FN:16,_ZN9algorithm3BFS3runEj
FNDA:4,_ZN9algorithm3BFS3runEj
FNDA:2,_ZN9algorithm3BFS5checkEv
FNDA:6,_ZN9algorithm3BFSC2ERKN5graph5GraphE
FNF:3
FNH:3
DA:9,6
DA:11,2
DA:13,2
DA:16,4
DA:18,4
DA:20,8
DA:21,8
DA:22,4
DA:24,4
DA:25,4
DA:27,16
DA:28,12
DA:29,12
DA:31,12
DA:32,20
DA:33,8
DA:34,8
DA:35,8
DA:37,8
DA:38,8
DA:43,8
LF:21
LH:21
end_of_record
TN:
SF:/home/kalu/Desktop/VS/projekat/2026_Analysis_GraphLab/GraphLab/src/algorithm/DFS/dfs.cpp
FN:8,_ZN9algorithm3DFSC2ERKN5graph5GraphE
FN:11,_ZN9algorithm3DFS5checkEv
FN:16,_ZN9algorithm3DFS3runEj
FNDA:2,_ZN9algorithm3DFS5checkEv
FNDA:2,_ZN9algorithm3DFS3runEj
FNDA:4,_ZN9algorithm3DFSC2ERKN5graph5GraphE
FNF:3
FNH:3
DA:8,4
DA:9,4
DA:11,2
DA:13,2
DA:16,2
DA:18,2
DA:20,4
DA:23,4
DA:25,2
DA:27,2
DA:29,8
DA:30,6
DA:31,6
DA:33,6
DA:34,4
DA:35,4
DA:38,6
DA:39,0
DA:42,6
DA:44,6
DA:46,12
DA:48,10
DA:49,4
DA:51,4
DA:52,4
DA:57,4
LF:26
LH:25
end_of_record
TN:
SF:/home/kalu/Desktop/VS/projekat/2026_Analysis_GraphLab/GraphLab/src/algorithm/Dijkstra/dijkstra.cpp
FN:8,_ZN9algorithm8DijkstraC2ERKN5graph5GraphE
FN:11,_ZN9algorithm8Dijkstra5checkEv
FN:16,_ZN9algorithm8Dijkstra3runENS_19dijkstra_settings_tE
FN:72,_ZN9algorithm8Dijkstra16reconstruct_pathEjjRSt13unordered_mapIjjSt4hashIjESt8equal_toIjESaISt4pairIKjjEEE
FNDA:2,_ZN9algorithm8DijkstraC2ERKN5graph5GraphE
FNDA:2,_ZN9algorithm8Dijkstra5checkEv
FNDA:2,_ZN9algorithm8Dijkstra3runENS_19dijkstra_settings_tE
FNDA:6,_ZN9algorithm8Dijkstra16reconstruct_pathEjjRSt13unordered_mapIjjSt4hashIjESt8equal_toIjESaISt4pairIKjjEEE
FNF:4
FNH:4
DA:8,2
DA:9,2
DA:11,2
DA:13,2
DA:16,2
DA:18,2
DA:19,2
DA:22,2
DA:24,4
DA:25,4
DA:27,8
DA:28,6
DA:31,2
DA:35,4
DA:37,2
DA:39,6
DA:40,6
DA:41,6
DA:43,6
DA:44,2
DA:47,4
DA:48,0
DA:51,4
DA:53,10
DA:54,12
DA:55,6
DA:57,6
DA:59,6
DA:60,6
DA:61,6
DA:62,6
DA:67,2
DA:68,2
DA:69,4
DA:72,6
DA:76,6
DA:77,6
DA:78,12
DA:79,6
DA:81,0
DA:82,0
DA:83,0
DA:86,6
DA:87,6
DA:89,6
DA:90,6
DA:92,6
DA:95,6
DA:96,6
LF:49
LH:45
end_of_record
TN:
SF:/home/kalu/Desktop/VS/projekat/2026_Analysis_GraphLab/GraphLab/src/algorithm/Euler/euler.cpp
FN:6,_ZN9algorithm5EulerC2ERKN5graph5GraphE
FN:9,_ZN9algorithm5Euler5checkEv
FN:18,_ZN9algorithm5Euler3runENSt7__cxx1112basic_stringIcSt11char_traitsIcESaIcEEE
FN:25,_ZN9algorithm5Euler19is_eulerian_circuitEv
FN:39,_ZN9algorithm5Euler16is_eulerian_pathEv
FN:50,_ZN9algorithm5Euler16is_semi_eulerianERj
FN:65,_ZN9algorithm5Euler15find_start_nodeERKNSt7__cxx1112basic_stringIcSt11char_traitsIcESaIcEEE
FN:83,_ZN9algorithm5Euler29find_eulerian_path_or_circuitEj
FNDA:4,_ZN9algorithm5Euler3runENSt7__cxx1112basic_stringIcSt11char_traitsIcESaIcEEE
FNDA:8,_ZN9algorithm5EulerC2ERKN5graph5GraphE
FNDA:10,_ZN9algorithm5Euler19is_eulerian_circuitEv
FNDA:4,_ZN9algorithm5Euler29find_eulerian_path_or_circuitEj
FNDA:10,_ZN9algorithm5Euler16is_eulerian_pathEv
FNDA:2,_ZN9algorithm5Euler16is_semi_eulerianERj
FNDA:6,_ZN9algorithm5Euler5checkEv
FNDA:4,_ZN9algorithm5Euler15find_start_nodeERKNSt7__cxx1112basic_stringIcSt11char_traitsIcESaIcEEE
FNF:8
FNH:8
DA:6,8
DA:7,8
DA:9,6
DA:11,10
DA:12,4
DA:13,2
DA:15,4
DA:18,4
DA:20,4
DA:22,4
DA:25,10
DA:28,10
DA:29,2
DA:31,26
DA:32,20
DA:33,2
DA:36,6
DA:39,10
DA:41,10
DA:42,40
DA:43,30
DA:44,12
DA:47,10
DA:50,2
DA:52,2
DA:53,2
DA:55,8
DA:56,6
DA:57,4
DA:58,4
DA:62,2
DA:65,4
DA:67,4
DA:68,2
DA:69,2
DA:70,2
DA:73,2
DA:75,2
DA:76,2
DA:80,0
DA:83,4
DA:85,4
DA:86,8
DA:87,8
DA:89,14
DA:90,10
DA:93,4
DA:95,28
DA:96,24
DA:98,24
DA:99,64
DA:100,40
DA:101,102
DA:102,72
DA:103,10
DA:104,10
DA:105,10
DA:106,10
DA:107,10
DA:108,10
DA:112,40
DA:113,10
DA:117,24
DA:118,14
DA:122,8
LF:65
LH:64
end_of_record
TN:
SF:/home/kalu/Desktop/VS/projekat/2026_Analysis_GraphLab/GraphLab/src/algorithm/Floyd_Warshall/floyd_warshall.cpp
FN:5,_ZN9algorithm13FloydWarshallC2ERKN5graph5GraphE
FN:8,_ZN9algorithm13FloydWarshall5checkEv
FN:13,_ZN9algorithm13FloydWarshall3runESt8optionalIiE
FNDA:6,_ZN9algorithm13FloydWarshallC2ERKN5graph5GraphE
FNDA:4,_ZN9algorithm13FloydWarshall3runESt8optionalIiE
FNDA:4,_ZN9algorithm13FloydWarshall5checkEv
FNF:3
FNH:3
DA:5,6
DA:6,6
DA:8,4
DA:10,4
DA:13,4
DA:15,4
DA:16,4
DA:18,4
DA:19,14
DA:20,10
DA:23,4
DA:25,12
DA:26,12
DA:28,14
DA:29,10
DA:32,8
DA:33,4
DA:35,8
DA:36,6
DA:37,6
DA:39,6
DA:40,6
DA:41,6
DA:47,4
DA:48,2
DA:49,2
DA:51,2
DA:52,2
DA:53,2
DA:55,2
DA:56,2
DA:62,14
DA:63,36
DA:64,96
DA:65,122
DA:66,52
DA:68,36
DA:70,36
DA:71,2
DA:72,2
DA:73,2
DA:80,8
LF:42
LH:42
end_of_record
TN:
SF:/home/kalu/Desktop/VS/projekat/2026_Analysis_GraphLab/GraphLab/src/algorithm/MST_Kruskal/mst_kruskal.cpp
FN:3,_ZN9algorithm11MST_KruskalC2ERKN5graph5GraphE
FN:6,_ZN9algorithm11MST_Kruskal5checkEv
FN:11,_ZN9algorithm11MST_Kruskal3runEj
FN:17,_ZZN9algorithm11MST_Kruskal3runEjENKUlRKT_RKT0_E_clISt4pairIKjN5graph4NodeEESD_EEDaS3_S6_
FN:28,_ZZN9algorithm11MST_Kruskal3runEjENKUlRKN5graph4EdgeES4_E0_clES4_S4_
FN:54,_ZN9algorithm11MST_Kruskal4findEjRSt6vectorIjSaIjEE
FNDA:2,_ZN9algorithm11MST_Kruskal5checkEv
FNDA:2,_ZN9algorithm11MST_KruskalC2ERKN5graph5GraphE
FNDA:16,_ZN9algorithm11MST_Kruskal4findEjRSt6vectorIjSaIjEE
FNDA:4,_ZZN9algorithm11MST_Kruskal3runEjENKUlRKT_RKT0_E_clISt4pairIKjN5graph4NodeEESD_EEDaS3_S6_
FNDA:4,_ZZN9algorithm11MST_Kruskal3runEjENKUlRKN5graph4EdgeES4_E0_clES4_S4_
FNDA:2,_ZN9algorithm11MST_Kruskal3runEj
FNF:6
FNH:6
DA:3,2
DA:4,2
DA:6,2
DA:8,2
DA:11,2
DA:13,4
DA:14,2
DA:16,4
DA:17,6
DA:18,4
DA:19,2
DA:21,4
DA:23,4
DA:24,8
DA:25,6
DA:28,2
DA:29,4
DA:33,4
DA:34,8
DA:35,6
DA:38,8
DA:39,6
DA:40,6
DA:42,6
DA:43,4
DA:44,4
DA:45,4
DA:46,4
DA:50,2
DA:51,4
DA:54,16
DA:56,16
DA:57,12
DA:59,4
LF:34
LH:34
end_of_record
TN:
SF:/home/kalu/Desktop/VS/projekat/2026_Analysis_GraphLab/GraphLab/src/algorithm/MST_Prim/mst_prim.cpp
FN:4,_ZN9algorithm8MST_PrimC2ERKN5graph5GraphE
FN:7,_ZN9algorithm8MST_Prim5checkEv
FN:16,_ZN9algorithm8MST_Prim3runEj
FNDA:2,_ZN9algorithm8MST_PrimC2ERKN5graph5GraphE
FNDA:2,_ZN9algorithm8MST_Prim5checkEv
FNDA:2,_ZN9algorithm8MST_Prim3runEj
FNF:3
FNH:3
DA:4,2
DA:5,2
DA:7,2
DA:9,4
DA:10,2
DA:11,0
DA:13,2
DA:16,2
DA:18,2
DA:20,4
DA:21,2
DA:23,4
DA:24,2
DA:26,4
DA:27,4
DA:28,4
DA:29,4
DA:31,2
DA:32,2
DA:34,10
DA:35,8
DA:36,8
DA:38,8
DA:39,2
DA:42,6
DA:44,6
DA:45,8
DA:46,8
DA:47,4
DA:48,4
DA:49,4
DA:54,18
DA:55,12
DA:56,12
DA:58,12
DA:59,6
DA:60,6
DA:61,6
DA:66,8
DA:67,6
DA:68,4
DA:72,2
DA:73,4
LF:43
LH:42
end_of_record
TN:
SF:/home/kalu/Desktop/VS/projekat/2026_Analysis_GraphLab/GraphLab/src/algorithm/algorithmrunnable.hpp
FN:19,_ZN9algorithm17AlgorithmRunnableINS_16astar_settings_tESt4pairISt6vectorIjSaIjEEdES6_EC2ERKN5graph5GraphE
FN:19,_ZN9algorithm17AlgorithmRunnableIjSt4pairISt6vectorIjSaIjEEdEjEC2ERKN5graph5GraphE
FN:19,_ZN9algorithm17AlgorithmRunnableINSt7__cxx1112basic_stringIcSt11char_traitsIcESaIcEEESt6vectorIjSaIjEEjEC2ERKN5graph5GraphE
FN:19,_ZN9algorithm17AlgorithmRunnableINS_19dijkstra_settings_tESt4pairISt6vectorIjSaIjEEdES6_EC2ERKN5graph5GraphE
FN:19,_ZN9algorithm17AlgorithmRunnableIjSt6vectorIjSaIjEEjEC2ERKN5graph5GraphE
FN:19,_ZN9algorithm17AlgorithmRunnableISt8optionalIiESt4pairISt6vectorIS4_IdSaIdEESaIS6_EES4_IS4_IS4_IjSaIjEESaISA_EESaISC_EEESF_EC2ERKN5graph5GraphE
FN:24,_ZN9algorithm17AlgorithmRunnableINS_16astar_settings_tESt4pairISt6vectorIjSaIjEEdES6_ED2Ev
FN:24,_ZN9algorithm17AlgorithmRunnableINS_16astar_settings_tESt4pairISt6vectorIjSaIjEEdES6_ED0Ev
FN:24,_ZN9algorithm17AlgorithmRunnableIjSt4pairISt6vectorIjSaIjEEdEjED2Ev
FN:24,_ZN9algorithm17AlgorithmRunnableIjSt6vectorIjSaIjEEjED2Ev
FN:24,_ZN9algorithm17AlgorithmRunnableIjSt6vectorIjSaIjEEjED0Ev
FN:24,_ZN9algorithm17AlgorithmRunnableISt8optionalIiESt4pairISt6vectorIS4_IdSaIdEESaIS6_EES4_IS4_IS4_IjSaIjEESaISA_EESaISC_EEESF_ED0Ev
FN:24,_ZN9algorithm17AlgorithmRunnableINS_19dijkstra_settings_tESt4pairISt6vectorIjSaIjEEdES6_ED0Ev
FN:24,_ZN9algorithm17AlgorithmRunnableISt8optionalIiESt4pairISt6vectorIS4_IdSaIdEESaIS6_EES4_IS4_IS4_IjSaIjEESaISA_EESaISC_EEESF_ED2Ev
FN:24,_ZN9algorithm17AlgorithmRunnableINSt7__cxx1112basic_stringIcSt11char_traitsIcESaIcEEESt6vectorIjSaIjEEjED0Ev
FN:24,_ZN9algorithm17AlgorithmRunnableIjSt4pairISt6vectorIjSaIjEEdEjED0Ev
FN:24,_ZN9algorithm17AlgorithmRunnableINSt7__cxx1112basic_stringIcSt11char_traitsIcESaIcEEESt6vectorIjSaIjEEjED2Ev
FN:24,_ZN9algorithm17AlgorithmRunnableINS_19dijkstra_settings_tESt4pairISt6vectorIjSaIjEEdES6_ED2Ev
FN:31,_ZN9algorithm17AlgorithmRunnableIjSt6vectorIjSaIjEEjE12addIterationERKj
FN:31,_ZN9algorithm17AlgorithmRunnableINSt7__cxx1112basic_stringIcSt11char_traitsIcESaIcEEESt6vectorIjSaIjEEjE12addIterationERKj
FN:31,_ZN9algorithm17AlgorithmRunnableINS_16astar_settings_tESt4pairISt6vectorIjSaIjEEdES6_E12addIterationERKS6_
FN:31,_ZN9algorithm17AlgorithmRunnableINS_19dijkstra_settings_tESt4pairISt6vectorIjSaIjEEdES6_E12addIterationERKS6_
FN:31,_ZN9algorithm17AlgorithmRunnableIjSt4pairISt6vectorIjSaIjEEdEjE12addIterationERKj
FN:38,_ZN9algorithm17AlgorithmRunnableIjSt6vectorIjSaIjEEjE19removeAllIterationsEv
FN:47,_ZN9algorithm17AlgorithmRunnableIjSt6vectorIjSaIjEEjE19getCurrentIterationEv
FN:62,_ZN9algorithm17AlgorithmRunnableIjSt6vectorIjSaIjEEjE16getNextIterationEv
FN:77,_ZN9algorithm17AlgorithmRunnableIjSt6vectorIjSaIjEEjE20getPreviousIterationEv
FNDA:0,_ZN9algorithm17AlgorithmRunnableINSt7__cxx1112basic_stringIcSt11char_traitsIcESaIcEEESt6vectorIjSaIjEEjED0Ev
FNDA:0,_ZN9algorithm17AlgorithmRunnableIjSt4pairISt6vectorIjSaIjEEdEjED0Ev
FNDA:2,_ZN9algorithm17AlgorithmRunnableIjSt6vectorIjSaIjEEjE19removeAllIterationsEv
FNDA:6,_ZN9algorithm17AlgorithmRunnableISt8optionalIiESt4pairISt6vectorIS4_IdSaIdEESaIS6_EES4_IS4_IS4_IjSaIjEESaISA_EESaISC_EEESF_ED2Ev
FNDA:2,_ZN9algorithm17AlgorithmRunnableINS_19dijkstra_settings_tESt4pairISt6vectorIjSaIjEEdES6_EC2ERKN5graph5GraphE
FNDA:8,_ZN9algorithm17AlgorithmRunnableIjSt6vectorIjSaIjEEjE19getCurrentIterationEv
FNDA:6,_ZN9algorithm17AlgorithmRunnableINS_19dijkstra_settings_tESt4pairISt6vectorIjSaIjEEdES6_E12addIterationERKS6_
FNDA:6,_ZN9algorithm17AlgorithmRunnableISt8optionalIiESt4pairISt6vectorIS4_IdSaIdEESaIS6_EES4_IS4_IS4_IjSaIjEESaISA_EESaISC_EEESF_EC2ERKN5graph5GraphE
FNDA:8,_ZN9algorithm17AlgorithmRunnableIjSt4pairISt6vectorIjSaIjEEdEjE12addIterationERKj
FNDA:2,_ZN9algorithm17AlgorithmRunnableINS_19dijkstra_settings_tESt4pairISt6vectorIjSaIjEEdES6_ED2Ev
FNDA:10,_ZN9algorithm17AlgorithmRunnableIjSt6vectorIjSaIjEEjEC2ERKN5graph5GraphE
FNDA:8,_ZN9algorithm17AlgorithmRunnableINSt7__cxx1112basic_stringIcSt11char_traitsIcESaIcEEESt6vectorIjSaIjEEjED2Ev
FNDA:4,_ZN9algorithm17AlgorithmRunnableIjSt4pairISt6vectorIjSaIjEEdEjED2Ev
FNDA:10,_ZN9algorithm17AlgorithmRunnableINSt7__cxx1112basic_stringIcSt11char_traitsIcESaIcEEESt6vectorIjSaIjEEjE12addIterationERKj
FNDA:2,_ZN9algorithm17AlgorithmRunnableIjSt6vectorIjSaIjEEjE16getNextIterationEv
FNDA:12,_ZN9algorithm17AlgorithmRunnableIjSt6vectorIjSaIjEEjE12addIterationERKj
FNDA:4,_ZN9algorithm17AlgorithmRunnableIjSt4pairISt6vectorIjSaIjEEdEjEC2ERKN5graph5GraphE
FNDA:0,_ZN9algorithm17AlgorithmRunnableINS_16astar_settings_tESt4pairISt6vectorIjSaIjEEdES6_ED0Ev
FNDA:4,_ZN9algorithm17AlgorithmRunnableINS_16astar_settings_tESt4pairISt6vectorIjSaIjEEdES6_ED2Ev
FNDA:4,_ZN9algorithm17AlgorithmRunnableINS_16astar_settings_tESt4pairISt6vectorIjSaIjEEdES6_EC2ERKN5graph5GraphE
FNDA:2,_ZN9algorithm17AlgorithmRunnableIjSt6vectorIjSaIjEEjE20getPreviousIterationEv
FNDA:0,_ZN9algorithm17AlgorithmRunnableISt8optionalIiESt4pairISt6vectorIS4_IdSaIdEESaIS6_EES4_IS4_IS4_IjSaIjEESaISA_EESaISC_EEESF_ED0Ev
FNDA:34,_ZN9algorithm17AlgorithmRunnableINS_16astar_settings_tESt4pairISt6vectorIjSaIjEEdES6_E12addIterationERKS6_
FNDA:0,_ZN9algorithm17AlgorithmRunnableIjSt6vectorIjSaIjEEjED0Ev
FNDA:0,_ZN9algorithm17AlgorithmRunnableINS_19dijkstra_settings_tESt4pairISt6vectorIjSaIjEEdES6_ED0Ev
FNDA:10,_ZN9algorithm17AlgorithmRunnableIjSt6vectorIjSaIjEEjED2Ev
FNDA:8,_ZN9algorithm17AlgorithmRunnableINSt7__cxx1112basic_stringIcSt11char_traitsIcESaIcEEESt6vectorIjSaIjEEjEC2ERKN5graph5GraphE
FNF:27
FNH:21
DA:19,34
DA:20,34
DA:21,34
DA:24,34
DA:31,70
DA:32,70
DA:35,70
DA:36,70
DA:38,2
DA:39,2
DA:40,2
DA:41,2
DA:47,8
DA:48,8
DA:49,4
DA:50,4
DA:51,4
DA:53,4
DA:62,2
DA:63,2
DA:64,0
DA:69,2
DA:70,2
DA:77,2
DA:78,2
DA:79,2
DA:80,2
DA:82,0
LF:28
LH:26
end_of_record
TN:
SF:/home/kalu/Desktop/VS/projekat/2026_Analysis_GraphLab/GraphLab/src/graph/edge.hpp
FN:13,_ZN5graph4EdgeC2ERKjjjd
FN:17,_ZN5graph4EdgeD2Ev
FN:17,_ZN5graph4EdgeD0Ev
FN:19,_ZNK5graph4Edge5getIdEv
FN:23,_ZNK5graph4Edge10getStartIdEv
FN:27,_ZNK5graph4Edge8getEndIdEv
FNDA:88,_ZNK5graph4Edge8getEndIdEv
FNDA:20,_ZNK5graph4Edge5getIdEv
FNDA:392,_ZN5graph4EdgeD2Ev
FNDA:172,_ZNK5graph4Edge10getStartIdEv
FNDA:102,_ZN5graph4EdgeC2ERKjjjd
FNDA:0,_ZN5graph4EdgeD0Ev
FNF:6
FNH:5
DA:13,102
DA:14,102
DA:15,102
DA:17,392
DA:19,20
DA:20,20
DA:23,172
DA:24,172
DA:27,88
DA:28,88
LF:10
LH:10
end_of_record
TN:
SF:/home/kalu/Desktop/VS/projekat/2026_Analysis_GraphLab/GraphLab/src/graph/graph.cpp
FN:7,_ZN5graph5Graph8add_nodeESt4pairIddERKNSt7__cxx1112basic_stringIcSt11char_traitsIcESaIcEEE
FN:17,_ZN5graph5Graph11remove_nodeEj
FN:48,_ZN5graph5Graph9move_nodeEjRKSt4pairIddE
FN:58,_ZN5graph5Graph17change_node_titleEjRKNSt7__cxx1112basic_stringIcSt11char_traitsIcESaIcEEE
FN:69,_ZNK5graph5Graph18printAdjacencyListEv
FN:96,_ZNK5graph5Graph13printMapNodesEv
FN:105,_ZNK5graph5Graph13printMapEdgesEv
FN:114,_ZNK5graph5Graph18iterate_neighboursEj
FN:123,_ZNK5graph5Graph24contains_negative_weightEv
FN:135,_ZNK5graph5Graph24contains_negative_cuclesEv
FN:185,_ZN5graph25UnweightedUndirectedGraph8add_edgeEjjd
FN:199,_ZN5graph25UnweightedUndirectedGraph11remove_edgeEj
FN:211,_ZN5graph23UnweightedDirectedGraph8add_edgeEjjd
FN:224,_ZN5graph23UnweightedDirectedGraph11remove_edgeEj
FN:234,_ZN5graph21WeightedDirectedGraph8add_edgeEjjd
FN:247,_ZN5graph21WeightedDirectedGraph11remove_edgeEj
FN:257,_ZN5graph21WeightedDirectedGraph18change_edge_weightEjd
FN:262,_ZN5graph23WeightedUndirectedGraph8add_edgeEjjd
FN:276,_ZN5graph23WeightedUndirectedGraph11remove_edgeEj
FN:288,_ZN5graph23WeightedUndirectedGraph18change_edge_weightEjd
FN:294,_ZNK5graph4Node9toVariantEv
FN:304,_ZN5graph4Node11fromVariantERK8QVariant
FN:312,_ZNK5graph4Edge9toVariantEv
FN:322,_ZN5graph4Edge11fromVariantERK8QVariant
FN:330,_ZNK5graph5Graph9toVariantEv
FN:372,_ZN5graph5Graph11fromVariantERK8QVariant
FNDA:16,_ZN5graph23WeightedUndirectedGraph8add_edgeEjjd
FNDA:2,_ZN5graph4Edge11fromVariantERK8QVariant
FNDA:2,_ZN5graph23WeightedUndirectedGraph11remove_edgeEj
FNDA:46,_ZN5graph21WeightedDirectedGraph8add_edgeEjjd
FNDA:2,_ZN5graph5Graph9move_nodeEjRKSt4pairIddE
FNDA:2,_ZN5graph23WeightedUndirectedGraph18change_edge_weightEjd
FNDA:8,_ZNK5graph4Edge9toVariantEv
FNDA:0,_ZNK5graph5Graph13printMapEdgesEv
FNDA:2,_ZN5graph25UnweightedUndirectedGraph11remove_edgeEj
FNDA:4,_ZN5graph5Graph11fromVariantERK8QVariant
FNDA:6,_ZNK5graph5Graph9toVariantEv
FNDA:138,_ZN5graph5Graph8add_nodeESt4pairIddERKNSt7__cxx1112basic_stringIcSt11char_traitsIcESaIcEEE
FNDA:8,_ZNK5graph5Graph24contains_negative_cuclesEv
FNDA:2,_ZN5graph21WeightedDirectedGraph11remove_edgeEj
FNDA:0,_ZNK5graph5Graph18printAdjacencyListEv
FNDA:2,_ZN5graph4Node11fromVariantERK8QVariant
FNDA:2,_ZN5graph23UnweightedDirectedGraph11remove_edgeEj
FNDA:16,_ZN5graph25UnweightedUndirectedGraph8add_edgeEjjd
FNDA:14,_ZNK5graph4Node9toVariantEv
FNDA:16,_ZN5graph23UnweightedDirectedGraph8add_edgeEjjd
FNDA:0,_ZNK5graph5Graph13printMapNodesEv
FNDA:10,_ZNK5graph5Graph24contains_negative_weightEv
FNDA:4,_ZN5graph21WeightedDirectedGraph18change_edge_weightEjd
FNDA:2,_ZN5graph5Graph17change_node_titleEjRKNSt7__cxx1112basic_stringIcSt11char_traitsIcESaIcEEE
FNDA:2,_ZN5graph5Graph11remove_nodeEj
FNDA:26,_ZNK5graph5Graph18iterate_neighboursEj
FNF:26
FNH:23
DA:7,138
DA:9,138
DA:10,138
DA:12,138
DA:13,138
DA:14,276
DA:17,2
DA:19,2
DA:22,4
DA:24,2
DA:25,4
DA:26,4
DA:28,2
DA:29,2
DA:30,2
DA:31,2
DA:32,2
DA:36,4
DA:37,2
DA:38,2
DA:40,2
DA:45,2
DA:46,2
DA:48,2
DA:50,2
DA:51,2
DA:52,2
DA:54,0
DA:56,2
DA:58,2
DA:61,2
DA:62,2
DA:63,2
DA:65,0
DA:67,2
DA:69,0
DA:71,0
DA:74,0
DA:76,0
DA:77,0
DA:79,0
DA:80,0
DA:81,0
DA:82,0
DA:84,0
DA:85,0
DA:86,0
DA:87,0
DA:88,0
DA:89,0
DA:91,0
DA:93,0
DA:94,0
DA:96,0
DA:98,0
DA:99,0
DA:100,0
DA:102,0
DA:103,0
DA:105,0
DA:107,0
DA:108,0
DA:109,0
DA:111,0
DA:112,0
DA:114,26
DA:116,26
DA:117,72
DA:118,46
DA:120,26
DA:123,10
DA:125,10
DA:126,26
DA:127,22
DA:128,6
DA:129,6
DA:132,10
DA:135,8
DA:137,8
DA:138,8
DA:140,8
DA:142,16
DA:143,28
DA:144,20
DA:148,18
DA:150,50
DA:151,36
DA:153,14
DA:156,36
DA:157,66
DA:158,44
DA:159,44
DA:160,44
DA:162,64
DA:163,20
DA:164,14
DA:170,30
DA:171,20
DA:172,20
DA:173,20
DA:175,32
DA:176,12
DA:177,4
DA:182,4
DA:185,16
DA:188,16
DA:189,16
DA:191,16
DA:192,16
DA:194,16
DA:196,32
DA:199,2
DA:201,2
DA:202,2
DA:203,2
DA:205,2
DA:207,2
DA:208,2
DA:209,2
DA:211,16
DA:214,16
DA:215,16
DA:217,16
DA:219,16
DA:221,32
DA:224,2
DA:226,2
DA:227,2
DA:229,2
DA:231,2
DA:232,2
DA:234,46
DA:237,46
DA:238,46
DA:240,46
DA:242,46
DA:244,92
DA:247,2
DA:249,2
DA:250,2
DA:252,2
DA:254,2
DA:255,2
DA:257,4
DA:259,4
DA:260,4
DA:262,16
DA:265,16
DA:266,16
DA:268,16
DA:269,16
DA:271,16
DA:273,32
DA:276,2
DA:278,2
DA:279,2
DA:280,2
DA:282,2
DA:284,2
DA:285,2
DA:286,2
DA:288,2
DA:290,2
DA:291,2
DA:294,14
DA:296,14
DA:297,14
DA:298,14
DA:299,14
DA:300,14
DA:301,28
DA:304,2
DA:306,2
DA:307,2
DA:308,2
DA:309,2
DA:310,2
DA:312,8
DA:314,8
DA:315,8
DA:316,8
DA:317,8
DA:318,8
DA:319,16
DA:322,2
DA:324,2
DA:325,2
DA:326,2
DA:327,2
DA:328,2
DA:329,2
DA:330,6
DA:332,6
DA:335,6
DA:336,6
DA:339,6
DA:340,18
DA:341,12
DA:342,12
DA:343,0
DA:344,20
DA:345,0
DA:346,8
DA:347,8
DA:348,8
DA:350,12
DA:351,12
DA:353,6
DA:356,6
DA:357,18
DA:358,12
DA:360,6
DA:363,6
DA:364,12
DA:365,6
DA:367,6
DA:369,12
DA:372,4
DA:374,8
DA:377,4
DA:378,4
DA:381,4
DA:382,4
DA:383,4
DA:386,12
DA:387,16
DA:388,8
DA:389,16
DA:390,14
DA:391,6
DA:392,6
DA:393,6
DA:394,6
DA:399,12
DA:400,16
DA:401,8
DA:402,8
DA:403,16
DA:404,8
DA:408,8
DA:409,4
DA:410,4
DA:411,4
DA:412,4
DA:413,4
DA:414,4
DA:416,4
LF:247
LH:213
end_of_record
TN:
SF:/home/kalu/Desktop/VS/projekat/2026_Analysis_GraphLab/GraphLab/src/graph/graph.hpp
FN:28,_ZN5graph5GraphC2Ev
FN:30,_ZN5graph5GraphD2Ev
FN:30,_ZN5graph5GraphD0Ev
FN:39,_ZNK5graph5Graph10getAdjListEv
FN:43,_ZNK5graph5Graph11getMapNodesEv
FN:47,_ZNK5graph5Graph11getMapEdgesEv
FN:80,_ZN5graph25UnweightedUndirectedGraphC2Ev
FN:81,_ZN5graph25UnweightedUndirectedGraphD0Ev
FN:81,_ZN5graph25UnweightedUndirectedGraphD2Ev
FN:92,_ZN5graph23UnweightedDirectedGraphC2Ev
FN:93,_ZN5graph23UnweightedDirectedGraphD2Ev
FN:93,_ZN5graph23UnweightedDirectedGraphD0Ev
FN:104,_ZN5graph21WeightedDirectedGraphC2Ev
FN:105,_ZN5graph21WeightedDirectedGraphD0Ev
FN:105,_ZN5graph21WeightedDirectedGraphD2Ev
FN:117,_ZN5graph23WeightedUndirectedGraphC2Ev
FN:118,_ZN5graph23WeightedUndirectedGraphD2Ev
FN:118,_ZN5graph23WeightedUndirectedGraphD0Ev
FNDA:0,_ZN5graph21WeightedDirectedGraphD0Ev
FNDA:0,_ZN5graph23UnweightedDirectedGraphD0Ev
FNDA:102,_ZNK5graph5Graph11getMapNodesEv
FNDA:64,_ZN5graph5GraphC2Ev
FNDA:190,_ZNK5graph5Graph10getAdjListEv
FNDA:26,_ZN5graph21WeightedDirectedGraphD2Ev
FNDA:12,_ZN5graph25UnweightedUndirectedGraphD2Ev
FNDA:12,_ZN5graph23UnweightedDirectedGraphD2Ev
FNDA:0,_ZN5graph5GraphD0Ev
FNDA:64,_ZN5graph5GraphD2Ev
FNDA:170,_ZNK5graph5Graph11getMapEdgesEv
FNDA:12,_ZN5graph23UnweightedDirectedGraphC2Ev
FNDA:0,_ZN5graph25UnweightedUndirectedGraphD0Ev
FNDA:12,_ZN5graph25UnweightedUndirectedGraphC2Ev
FNDA:14,_ZN5graph23WeightedUndirectedGraphD2Ev
FNDA:26,_ZN5graph21WeightedDirectedGraphC2Ev
FNDA:0,_ZN5graph23WeightedUndirectedGraphD0Ev
FNDA:14,_ZN5graph23WeightedUndirectedGraphC2Ev
FNF:18
FNH:13
DA:28,64
DA:30,64
DA:39,190
DA:40,190
DA:43,102
DA:44,102
DA:47,170
DA:48,170
DA:80,12
DA:81,12
DA:92,12
DA:93,12
DA:104,26
DA:105,26
DA:117,14
DA:118,14
LF:16
LH:16
end_of_record
TN:
SF:/home/kalu/Desktop/VS/projekat/2026_Analysis_GraphLab/GraphLab/src/graph/node.hpp
FN:14,_ZN5graph4NodeC2EjRKSt4pairIddERKNSt7__cxx1112basic_stringIcSt11char_traitsIcESaIcEEE
FN:18,_ZN5graph4NodeD2Ev
FN:18,_ZN5graph4NodeD0Ev
FN:20,_ZNK5graph4Node5getIdEv
FNDA:150,_ZN5graph4NodeC2EjRKSt4pairIddERKNSt7__cxx1112basic_stringIcSt11char_traitsIcESaIcEEE
FNDA:2,_ZNK5graph4Node5getIdEv
FNDA:440,_ZN5graph4NodeD2Ev
FNDA:0,_ZN5graph4NodeD0Ev
FNF:4
FNH:3
DA:14,150
DA:15,150
DA:16,150
DA:18,440
DA:20,2
DA:21,2
LF:6
LH:6
end_of_record
